<?xml version="1.0" encoding="UTF-8"?>
<!-- Generated by org.testng.reporters.JUnitReportReporter -->
<testsuite skipped="0" hostname="HYDSAP4FLWS054" name="unitTest.TestComparison" tests="2" failures="0" timestamp="2020-05-21T11:42:31 IST" time="0.028" errors="0">
  <testcase name="failtest" time="0.025" classname="unitTest.TestComparison"/>
  <system-out/>
  <testcase name="passtest" time="0.003" classname="unitTest.TestComparison"/>
  <system-out/>
</testsuite> <!-- unitTest.TestComparison -->
